<?xml version="1.0" encoding="UTF-8"?>
<!-- Generated by org.testng.reporters.JUnitXMLReporter -->
<testsuite hostname="LT-CHN-33875" name="Default test" tests="35" failures="1" timestamp="20 Mar 2021 20:57:46 GMT" time="49.897" errors="0">
  <testcase name="itemTypeCreatorTypes" time="3.639" classname="TestSute.ManualEntry"/>
  <testcase name="itemTypeCreatorTypes" time="1.373" classname="TestSute.ManualEntry"/>
  <testcase name="itemTypeCreatorTypes" time="1.308" classname="TestSute.ManualEntry"/>
  <testcase name="itemTypeCreatorTypes" time="1.328" classname="TestSute.ManualEntry"/>
  <testcase name="itemTypeCreatorTypes" time="1.366" classname="TestSute.ManualEntry"/>
  <testcase name="itemTypeCreatorTypes" time="1.335" classname="TestSute.ManualEntry"/>
  <testcase name="itemTypeCreatorTypes" time="1.354" classname="TestSute.ManualEntry"/>
  <testcase name="itemTypeCreatorTypes" time="1.302" classname="TestSute.ManualEntry"/>
  <testcase name="itemTypeCreatorTypes" time="1.351" classname="TestSute.ManualEntry"/>
  <testcase name="itemTypeCreatorTypes" time="1.383" classname="TestSute.ManualEntry"/>
  <testcase name="itemTypeCreatorTypes" time="1.303" classname="TestSute.ManualEntry"/>
  <testcase name="itemTypeCreatorTypes" time="1.332" classname="TestSute.ManualEntry"/>
  <testcase name="itemTypeCreatorTypes" time="1.36" classname="TestSute.ManualEntry"/>
  <testcase name="itemTypeCreatorTypes" time="1.289" classname="TestSute.ManualEntry"/>
  <testcase name="itemTypeCreatorTypes" time="1.345" classname="TestSute.ManualEntry"/>
  <testcase name="itemTypeCreatorTypes" time="1.369" classname="TestSute.ManualEntry"/>
  <testcase name="itemTypeCreatorTypes" time="1.308" classname="TestSute.ManualEntry"/>
  <testcase name="itemTypeCreatorTypes" time="1.331" classname="TestSute.ManualEntry"/>
  <testcase name="itemTypeCreatorTypes" time="1.316" classname="TestSute.ManualEntry"/>
  <testcase name="itemTypeCreatorTypes" time="1.296" classname="TestSute.ManualEntry"/>
  <testcase name="itemTypeCreatorTypes" time="1.293" classname="TestSute.ManualEntry"/>
  <testcase name="itemTypeCreatorTypes" time="1.318" classname="TestSute.ManualEntry"/>
  <testcase name="itemTypeCreatorTypes" time="1.302" classname="TestSute.ManualEntry"/>
  <testcase name="itemTypeCreatorTypes" time="1.332" classname="TestSute.ManualEntry"/>
  <testcase name="itemTypeCreatorTypes" time="1.45" classname="TestSute.ManualEntry">
    <failure type="io.restassured.path.json.exception.JsonPathException" message="Failed to parse the JSON document">
      <![CDATA[io.restassured.path.json.exception.JsonPathException: Failed to parse the JSON document
	at io.restassured.path.json.JsonPath$ExceptionCatcher.invoke(JsonPath.java:930)
	at io.restassured.path.json.JsonPath$4.doParseWith(JsonPath.java:895)
	at io.restassured.path.json.JsonPath$JsonParser.parseWith(JsonPath.java:975)
	at io.restassured.path.json.JsonPath.get(JsonPath.java:201)
	at TestSute.ManualEntry.itemTypeCreatorTypes(ManualEntry.java:176)
	at sun.reflect.GeneratedMethodAccessor67.invoke(Unknown Source)
	at sun.reflect.DelegatingMethodAccessorImpl.invoke(Unknown Source)
	at java.lang.reflect.Method.invoke(Unknown Source)
	at org.testng.internal.MethodInvocationHelper.invokeMethod(MethodInvocationHelper.java:80)
	at org.testng.internal.Invoker.invokeMethod(Invoker.java:714)
	at org.testng.internal.Invoker.invokeTestMethod(Invoker.java:901)
	at org.testng.internal.Invoker.invokeTestMethods(Invoker.java:1231)
	at org.testng.internal.TestMethodWorker.invokeTestMethods(TestMethodWorker.java:127)
	at org.testng.internal.TestMethodWorker.run(TestMethodWorker.java:111)
	at org.testng.TestRunner.privateRun(TestRunner.java:767)
	at org.testng.TestRunner.run(TestRunner.java:617)
	at org.testng.SuiteRunner.runTest(SuiteRunner.java:334)
	at org.testng.SuiteRunner.runSequentially(SuiteRunner.java:329)
	at org.testng.SuiteRunner.privateRun(SuiteRunner.java:291)
	at org.testng.SuiteRunner.run(SuiteRunner.java:240)
	at org.testng.SuiteRunnerWorker.runSuite(SuiteRunnerWorker.java:52)
	at org.testng.SuiteRunnerWorker.run(SuiteRunnerWorker.java:86)
	at org.testng.TestNG.runSuitesSequentially(TestNG.java:1198)
	at org.testng.TestNG.runSuitesLocally(TestNG.java:1123)
	at org.testng.TestNG.run(TestNG.java:1031)
	at org.testng.remote.AbstractRemoteTestNG.run(AbstractRemoteTestNG.java:114)
	at org.testng.remote.RemoteTestNG.initAndRun(RemoteTestNG.java:251)
	at org.testng.remote.RemoteTestNG.main(RemoteTestNG.java:77)
Caused by: groovy.json.JsonException: Lexing failed on line: 1, column: 1, while reading '<', no possible valid JSON value or punctuation could be recognized.
	at groovy.json.JsonLexer.nextToken(JsonLexer.java:83)
	at groovy.json.JsonLexer$nextToken.call(Unknown Source)
	at io.restassured.internal.path.json.ConfigurableJsonSlurper.parse(ConfigurableJsonSlurper.groovy:97)
	at io.restassured.internal.path.json.ConfigurableJsonSlurper$parse.callCurrent(Unknown Source)
	at io.restassured.internal.path.json.ConfigurableJsonSlurper.parseText(ConfigurableJsonSlurper.groovy:83)
	at io.restassured.path.json.JsonPath$4$1.method(JsonPath.java:893)
	at io.restassured.path.json.JsonPath$ExceptionCatcher.invoke(JsonPath.java:928)
	... 27 more
]]>
    </failure>
  </testcase> <!-- itemTypeCreatorTypes -->
  <testcase name="itemTypeCreatorTypes" time="1.291" classname="TestSute.ManualEntry"/>
  <testcase name="itemTypeCreatorTypes" time="1.331" classname="TestSute.ManualEntry"/>
  <testcase name="itemTypeCreatorTypes" time="1.315" classname="TestSute.ManualEntry"/>
  <testcase name="itemTypeCreatorTypes" time="1.353" classname="TestSute.ManualEntry"/>
  <testcase name="itemTypeCreatorTypes" time="1.284" classname="TestSute.ManualEntry"/>
  <testcase name="itemTypeCreatorTypes" time="1.309" classname="TestSute.ManualEntry"/>
  <testcase name="itemTypeCreatorTypes" time="1.34" classname="TestSute.ManualEntry"/>
  <testcase name="itemTypeCreatorTypes" time="1.706" classname="TestSute.ManualEntry"/>
  <testcase name="itemTypeCreatorTypes" time="1.736" classname="TestSute.ManualEntry"/>
  <testcase name="itemTypeCreatorTypes" time="1.279" classname="TestSute.ManualEntry"/>
</testsuite> <!-- Default test -->
