<?xml version="1.0" encoding="UTF-8"?>
<!-- Generated by org.testng.reporters.JUnitReportReporter -->
<testsuite hostname="LT-CHN-33875" name="TestSute.ManualEntry" tests="71" failures="2" timestamp="21 Mar 2021 18:44:01 GMT" time="171.065" errors="0">
  <testcase name="itemTypeFields" time="1.357" classname="TestSute.ManualEntry"/>
  <testcase name="itemTypeFields" time="1.482" classname="TestSute.ManualEntry"/>
  <testcase name="itemTypeFields" time="1.339" classname="TestSute.ManualEntry"/>
  <testcase name="itemTypeFields" time="1.349" classname="TestSute.ManualEntry"/>
  <testcase name="itemTypeFields" time="1.295" classname="TestSute.ManualEntry"/>
  <testcase name="itemTypeCreatorTypes" time="1.284" classname="TestSute.ManualEntry"/>
  <testcase name="itemTypeCreatorTypes" time="1.316" classname="TestSute.ManualEntry"/>
  <testcase name="itemTypeFields" time="1.339" classname="TestSute.ManualEntry"/>
  <testcase name="itemTypeCreatorTypes" time="1.533" classname="TestSute.ManualEntry">
    <failure type="io.restassured.path.json.exception.JsonPathException" message="Failed to parse the JSON document">
      <![CDATA[io.restassured.path.json.exception.JsonPathException: Failed to parse the JSON document
	at io.restassured.path.json.JsonPath$ExceptionCatcher.invoke(JsonPath.java:930)
	at io.restassured.path.json.JsonPath$4.doParseWith(JsonPath.java:895)
	at io.restassured.path.json.JsonPath$JsonParser.parseWith(JsonPath.java:975)
	at io.restassured.path.json.JsonPath.get(JsonPath.java:201)
	at TestSute.ManualEntry.itemTypeCreatorTypes(ManualEntry.java:167)
	at sun.reflect.GeneratedMethodAccessor146.invoke(Unknown Source)
	at sun.reflect.DelegatingMethodAccessorImpl.invoke(Unknown Source)
	at java.lang.reflect.Method.invoke(Unknown Source)
	at org.testng.internal.MethodInvocationHelper.invokeMethod(MethodInvocationHelper.java:80)
	at org.testng.internal.Invoker.invokeMethod(Invoker.java:714)
	at org.testng.internal.Invoker.invokeTestMethod(Invoker.java:901)
	at org.testng.internal.Invoker.invokeTestMethods(Invoker.java:1231)
	at org.testng.internal.TestMethodWorker.invokeTestMethods(TestMethodWorker.java:127)
	at org.testng.internal.TestMethodWorker.run(TestMethodWorker.java:111)
	at org.testng.TestRunner.privateRun(TestRunner.java:767)
	at org.testng.TestRunner.run(TestRunner.java:617)
	at org.testng.SuiteRunner.runTest(SuiteRunner.java:334)
	at org.testng.SuiteRunner.runSequentially(SuiteRunner.java:329)
	at org.testng.SuiteRunner.privateRun(SuiteRunner.java:291)
	at org.testng.SuiteRunner.run(SuiteRunner.java:240)
	at org.testng.SuiteRunnerWorker.runSuite(SuiteRunnerWorker.java:52)
	at org.testng.SuiteRunnerWorker.run(SuiteRunnerWorker.java:86)
	at org.testng.TestNG.runSuitesSequentially(TestNG.java:1198)
	at org.testng.TestNG.runSuitesLocally(TestNG.java:1123)
	at org.testng.TestNG.run(TestNG.java:1031)
	at org.testng.remote.AbstractRemoteTestNG.run(AbstractRemoteTestNG.java:114)
	at org.testng.remote.RemoteTestNG.initAndRun(RemoteTestNG.java:251)
	at org.testng.remote.RemoteTestNG.main(RemoteTestNG.java:77)
Caused by: groovy.json.JsonException: Lexing failed on line: 1, column: 1, while reading '<', no possible valid JSON value or punctuation could be recognized.
	at groovy.json.JsonLexer.nextToken(JsonLexer.java:83)
	at groovy.json.JsonLexer$nextToken.call(Unknown Source)
	at io.restassured.internal.path.json.ConfigurableJsonSlurper.parse(ConfigurableJsonSlurper.groovy:97)
	at io.restassured.internal.path.json.ConfigurableJsonSlurper$parse.callCurrent(Unknown Source)
	at io.restassured.internal.path.json.ConfigurableJsonSlurper.parseText(ConfigurableJsonSlurper.groovy:83)
	at io.restassured.path.json.JsonPath$4$1.method(JsonPath.java:893)
	at io.restassured.path.json.JsonPath$ExceptionCatcher.invoke(JsonPath.java:928)
	... 27 more
]]>
    </failure>
  </testcase> <!-- itemTypeCreatorTypes -->
  <testcase name="itemTypeFields" time="1.339" classname="TestSute.ManualEntry"/>
  <testcase name="itemTypeCreatorTypes" time="1.315" classname="TestSute.ManualEntry"/>
  <testcase name="itemTypeFields" time="1.395" classname="TestSute.ManualEntry"/>
  <testcase name="itemTypeCreatorTypes" time="1.319" classname="TestSute.ManualEntry"/>
  <testcase name="itemTypeCreatorTypes" time="1.289" classname="TestSute.ManualEntry"/>
  <testcase name="itemTypeFields" time="1.333" classname="TestSute.ManualEntry"/>
  <testcase name="itemTypeCreatorTypes" time="1.330" classname="TestSute.ManualEntry"/>
  <testcase name="itemTypeFields" time="1.342" classname="TestSute.ManualEntry"/>
  <testcase name="itemTypeFields" time="1.320" classname="TestSute.ManualEntry"/>
  <testcase name="itemTypeFields" time="1.291" classname="TestSute.ManualEntry"/>
  <testcase name="itemTypeFields" time="1.378" classname="TestSute.ManualEntry"/>
  <testcase name="itemTypeCreatorTypes" time="1.279" classname="TestSute.ManualEntry"/>
  <testcase name="itemTypeCreatorTypes" time="1.298" classname="TestSute.ManualEntry"/>
  <testcase name="itemTypeCreatorTypes" time="1.278" classname="TestSute.ManualEntry"/>
  <testcase name="itemTypeCreatorTypes" time="1.451" classname="TestSute.ManualEntry"/>
  <testcase name="itemTypeFields" time="1.332" classname="TestSute.ManualEntry"/>
  <testcase name="itemTypeCreatorTypes" time="1.305" classname="TestSute.ManualEntry"/>
  <testcase name="itemTypeFields" time="3.974" classname="TestSute.ManualEntry"/>
  <testcase name="itemTypeFields" time="1.336" classname="TestSute.ManualEntry"/>
  <testcase name="itemTypeFields" time="1.380" classname="TestSute.ManualEntry"/>
  <testcase name="itemTypeCreatorTypes" time="1.325" classname="TestSute.ManualEntry"/>
  <testcase name="itemTypeCreatorTypes" time="1.313" classname="TestSute.ManualEntry"/>
  <testcase name="itemTypeCreatorTypes" time="1.440" classname="TestSute.ManualEntry"/>
  <testcase name="itemTypeCreatorTypes" time="1.307" classname="TestSute.ManualEntry"/>
  <testcase name="itemTypeCreatorTypes" time="1.277" classname="TestSute.ManualEntry"/>
  <testcase name="itemTypeCreatorTypes" time="1.325" classname="TestSute.ManualEntry"/>
  <testcase name="itemTypeFields" time="1.360" classname="TestSute.ManualEntry"/>
  <testcase name="itemTypeFields" time="1.580" classname="TestSute.ManualEntry"/>
  <testcase name="itemTypeCreatorTypes" time="1.333" classname="TestSute.ManualEntry"/>
  <testcase name="itemTypeFields" time="1.307" classname="TestSute.ManualEntry"/>
  <testcase name="endToEnd" time="73.761" classname="TestSute.ManualEntry">
    <failure type="io.restassured.path.json.exception.JsonPathException" message="Failed to parse the JSON document">
      <![CDATA[io.restassured.path.json.exception.JsonPathException: Failed to parse the JSON document
	at io.restassured.path.json.JsonPath$ExceptionCatcher.invoke(JsonPath.java:930)
	at io.restassured.path.json.JsonPath$4.doParseWith(JsonPath.java:895)
	at io.restassured.path.json.JsonPath$JsonParser.parseWith(JsonPath.java:975)
	at io.restassured.path.json.JsonPath.get(JsonPath.java:201)
	at TestSute.ManualEntry.endToEnd(ManualEntry.java:218)
	at sun.reflect.NativeMethodAccessorImpl.invoke0(Native Method)
	at sun.reflect.NativeMethodAccessorImpl.invoke(Unknown Source)
	at sun.reflect.DelegatingMethodAccessorImpl.invoke(Unknown Source)
	at java.lang.reflect.Method.invoke(Unknown Source)
	at org.testng.internal.MethodInvocationHelper.invokeMethod(MethodInvocationHelper.java:80)
	at org.testng.internal.Invoker.invokeMethod(Invoker.java:714)
	at org.testng.internal.Invoker.invokeTestMethod(Invoker.java:901)
	at org.testng.internal.Invoker.invokeTestMethods(Invoker.java:1231)
	at org.testng.internal.TestMethodWorker.invokeTestMethods(TestMethodWorker.java:127)
	at org.testng.internal.TestMethodWorker.run(TestMethodWorker.java:111)
	at org.testng.TestRunner.privateRun(TestRunner.java:767)
	at org.testng.TestRunner.run(TestRunner.java:617)
	at org.testng.SuiteRunner.runTest(SuiteRunner.java:334)
	at org.testng.SuiteRunner.runSequentially(SuiteRunner.java:329)
	at org.testng.SuiteRunner.privateRun(SuiteRunner.java:291)
	at org.testng.SuiteRunner.run(SuiteRunner.java:240)
	at org.testng.SuiteRunnerWorker.runSuite(SuiteRunnerWorker.java:52)
	at org.testng.SuiteRunnerWorker.run(SuiteRunnerWorker.java:86)
	at org.testng.TestNG.runSuitesSequentially(TestNG.java:1198)
	at org.testng.TestNG.runSuitesLocally(TestNG.java:1123)
	at org.testng.TestNG.run(TestNG.java:1031)
	at org.testng.remote.AbstractRemoteTestNG.run(AbstractRemoteTestNG.java:114)
	at org.testng.remote.RemoteTestNG.initAndRun(RemoteTestNG.java:251)
	at org.testng.remote.RemoteTestNG.main(RemoteTestNG.java:77)
Caused by: groovy.json.JsonException: Lexing failed on line: 1, column: 1, while reading '<', no possible valid JSON value or punctuation could be recognized.
	at groovy.json.JsonLexer.nextToken(JsonLexer.java:83)
	at groovy.json.JsonLexer$nextToken.call(Unknown Source)
	at io.restassured.internal.path.json.ConfigurableJsonSlurper.parse(ConfigurableJsonSlurper.groovy:97)
	at io.restassured.internal.path.json.ConfigurableJsonSlurper$parse.callCurrent(Unknown Source)
	at io.restassured.internal.path.json.ConfigurableJsonSlurper.parseText(ConfigurableJsonSlurper.groovy:83)
	at io.restassured.path.json.JsonPath$4$1.method(JsonPath.java:893)
	at io.restassured.path.json.JsonPath$ExceptionCatcher.invoke(JsonPath.java:928)
	... 28 more
]]>
    </failure>
  </testcase> <!-- endToEnd -->
  <testcase name="itemTypeFields" time="1.372" classname="TestSute.ManualEntry"/>
  <testcase name="itemTypeCreatorTypes" time="1.320" classname="TestSute.ManualEntry"/>
  <testcase name="itemTypeFields" time="1.781" classname="TestSute.ManualEntry"/>
  <testcase name="itemTypeCreatorTypes" time="1.275" classname="TestSute.ManualEntry"/>
  <testcase name="itemTypeCreatorTypes" time="1.316" classname="TestSute.ManualEntry"/>
  <testcase name="itemTypeFields" time="1.328" classname="TestSute.ManualEntry"/>
  <testcase name="itemTypeCreatorTypes" time="1.310" classname="TestSute.ManualEntry"/>
  <testcase name="itemTypeCreatorTypes" time="1.328" classname="TestSute.ManualEntry"/>
  <testcase name="itemTypeFields" time="1.359" classname="TestSute.ManualEntry"/>
  <testcase name="itemTypeCreatorTypes" time="1.312" classname="TestSute.ManualEntry"/>
  <testcase name="itemTypeCreatorTypes" time="1.424" classname="TestSute.ManualEntry"/>
  <testcase name="itemTypeFields" time="1.328" classname="TestSute.ManualEntry"/>
  <testcase name="itemTypeCreatorTypes" time="1.309" classname="TestSute.ManualEntry"/>
  <testcase name="itemTypeFields" time="1.555" classname="TestSute.ManualEntry"/>
  <testcase name="itemTypeFields" time="1.297" classname="TestSute.ManualEntry"/>
  <testcase name="itemTypeFields" time="1.307" classname="TestSute.ManualEntry"/>
  <testcase name="itemTypeFields" time="1.332" classname="TestSute.ManualEntry"/>
  <testcase name="itemTypeCreatorTypes" time="1.260" classname="TestSute.ManualEntry"/>
  <testcase name="itemTypeFields" time="1.315" classname="TestSute.ManualEntry"/>
  <testcase name="itemTypeFields" time="1.363" classname="TestSute.ManualEntry"/>
  <testcase name="itemTypeFields" time="1.294" classname="TestSute.ManualEntry"/>
  <testcase name="itemTypeCreatorTypes" time="1.335" classname="TestSute.ManualEntry"/>
  <testcase name="itemTypeFields" time="1.330" classname="TestSute.ManualEntry"/>
  <testcase name="itemTypeFields" time="1.352" classname="TestSute.ManualEntry"/>
  <testcase name="itemTypeCreatorTypes" time="1.280" classname="TestSute.ManualEntry"/>
  <testcase name="itemTypeFields" time="1.316" classname="TestSute.ManualEntry"/>
  <testcase name="itemTypeCreatorTypes" time="1.259" classname="TestSute.ManualEntry"/>
  <testcase name="itemTypeCreatorTypes" time="1.936" classname="TestSute.ManualEntry"/>
  <testcase name="itemTypeCreatorTypes" time="1.278" classname="TestSute.ManualEntry"/>
  <testcase name="itemTypeCreatorTypes" time="1.266" classname="TestSute.ManualEntry"/>
  <testcase name="itemTypeCreatorTypes" time="1.322" classname="TestSute.ManualEntry"/>
</testsuite> <!-- TestSute.ManualEntry -->
